IQ-TREE version 3.1.2 for Linux x86 64-bit built May  7 2026
Developed by Bui Quang Minh, Thomas Wong, Nhan Ly-Trong, Huaiyan Ren
Contributed by Lam-Tung Nguyen, Dominik Schrempf, Chris Bielow,
Olga Chernomor, Michael Woodhams, Diep Thi Hoang, Heiko Schmidt

Host:    marissa-ASUS-TUF-Gaming-F16-FX607VJ-FX607VJ (AVX2, FMA3, 15 GB RAM)
Command: /home/marissa/anaconda3/envs/2_phylogeny/bin/iqtree3_intel -s Apis_m_mtDNA_NA_subset.fst --seqtype DNA -m MF --msub mitochondrial -mrate E,I,G,I+G,R --keep-ident
Seed:    852525 (Using SPRNG - Scalable Parallel Random Number Generator)
Time:    Tue Jul  7 14:09:02 2026
Kernel:  AVX+FMA - 1 threads (12 CPU cores detected)

HINT: Use -nt option to specify number of threads because your CPU has 12 cores!
HINT: -nt AUTO will automatically determine the best number of threads to use.

Reading alignment file Apis_m_mtDNA_NA_subset.fst ... Fasta format detected
Reading fasta file: done in 0.026262 secs using 98.3% CPU
Alignment most likely contains DNA/RNA sequences
Constructing alignment: done in 0.01262 secs using 65.31% CPU
WARNING: 72 sites contain only gaps or ambiguous characters.
Alignment has 132 sequences with 11103 columns, 216 distinct patterns
333 parsimony-informative, 77 singleton sites, 10693 constant sites
                Gap/Ambiguity  Composition  p-value
Analyzing sequences: done in 6.41346e-05 secs using 84.2% CPU
   1  AmMe_IRL_F_001    0.97%    passed     99.99%
   2  AmMe_IRL_F_002    0.97%    passed     99.99%
   3  AmMe_IRL_F_003    0.97%    passed     99.99%
   4  AmMe_IRL_F_004    0.97%    passed     99.99%
   5  AmMe_IRL_F_005    0.97%    passed     99.98%
   6  AmMe_IRL_F_006    0.97%    passed     99.98%
   7  AmMe_IRL_F_007    0.97%    passed     99.99%
   8  AmMe_IRL_F_008    0.97%    passed     99.98%
   9  AmMe_IRL_F_009    0.97%    passed    100.00%
  10  AmMe_IRL_F_010    1.08%    passed     99.96%
  11  AmMe_IRL_F_011    0.98%    passed     99.99%
  12  AmMe_IRL_F_012    0.97%    passed     99.99%
  13  AmMe_IRL_F_013    0.97%    passed     99.95%
  14  AmMe_IRL_F_014    0.97%    passed     99.95%
  15  AmMe_IRL_F_015    0.97%    passed     99.98%
  16  AmMe_IRL_F_016    0.97%    passed     99.95%
  17  AmMe_IRL_F_017    0.97%    passed     99.98%
  18  AmMe_IRL_F_018    0.97%    passed     99.95%
  19  AmMe_IRL_F_019    0.97%    passed     99.98%
  20  AmMe_IRL_F_020    0.97%    passed     99.95%
  21  AmMe_IRL_F_021    0.97%    passed     99.98%
  22  AmMe_IRL_F_022    0.97%    passed     99.98%
  23  AmMe_IRL_F_023    0.97%    passed     99.98%
  24  AmMe_IRL_F_024    0.97%    passed     99.99%
  25  AmMe_IRL_F_025    0.97%    passed     99.99%
  26  AmMe_IRL_F_027    0.97%    passed     99.98%
  27  AmMe_IRL_F_028    0.97%    passed     99.99%
  28  AmMe_IRL_F_029    0.97%    passed     99.99%
  29  AmMe_IRL_F_030    0.97%    passed    100.00%
  30  AmMe_IRL_F_031    0.97%    passed    100.00%
  31  AmMe_IRL_F_032    0.97%    passed     99.98%
  32  AmHy_IRL_F_035    0.97%    passed     99.99%
  33  AmHy_IRL_F_039    0.97%    passed     99.99%
  34  AmHy_IRL_F_040    0.97%    passed     99.99%
  35  AmHy_IRL_M_046    0.97%    passed     99.95%
  36  AmHy_IRL_M_047    0.97%    passed     99.99%
  37  AmHy_IRL_M_048    1.19%    passed     99.70%
  38  AmHy_IRL_M_049    0.97%    passed    100.00%
  39  AmHy_IRL_M_050    0.97%    passed    100.00%
  40  AmHy_IRL_M_051    0.97%    passed     99.98%
  41  AmMe_IRL_M_052    0.97%    passed     99.99%
  42  AmMe_IRL_M_053    0.97%    passed    100.00%
  43  AmMe_IRL_M_055    0.97%    passed    100.00%
  44  AmMe_IRL_M_056    0.97%    passed     99.99%
  45  AmMe_IRL_M_057    0.97%    passed    100.00%
  46  AmMe_IRL_M_058    0.97%    passed    100.00%
  47  AmMe_IRL_M_059    0.98%    passed     99.95%
  48  AmMe_IRL_M_060    0.97%    passed     99.98%
  49  AmMe_IRL_M_061    0.97%    passed     99.98%
  50  AmMe_IRL_M_062    0.97%    passed     98.27%
  51  AmMe_IRL_M_063    0.97%    passed     99.95%
  52  AmMe_IRL_M_064    0.97%    passed    100.00%
  53  AmMe_IRL_M_065    0.97%    passed     99.99%
  54  AmMe_IRL_M_066    0.97%    passed     99.98%
  55  AmMe_IRL_M_068    0.97%    passed     99.99%
  56  AmMe_IRL_M_069    0.98%    passed     99.79%
  57  AmMe_IRL_M_070    0.97%    passed     99.99%
  58  AmMe_IRL_M_071    0.97%    passed     99.99%
  59  AmMe_IRL_M_072    0.97%    passed    100.00%
  60  AmMe_IRL_M_073    0.97%    passed    100.00%
  61  AmMe_IRL_M_074    0.98%    passed     99.99%
  62  AmMe_IRL_M_075    0.97%    passed     99.99%
  63  AmMe_IRL_F_076    0.98%    passed     99.95%
  64  AmMe_IRL_F_077    0.97%    passed    100.00%
  65  AmMe_IRL_F_079    0.97%    passed     99.98%
  66  AmMe_IRL_M_080    0.97%    passed    100.00%
  67  Am_IRL_B_296      0.97%    passed     99.99%
  68  Am_IRL_B_297      0.97%    passed     99.99%
  69  Am_IRL_B_298      0.97%    passed     99.99%
  70  AmMe_GBR_A_300    0.97%    passed    100.00%
  71  Am_GBR_B_302      0.97%    passed     99.96%
  72  Am_GBR_B_312      0.97%    passed     99.95%
  73  Am_GBR_B_317      0.97%    passed     99.98%
  74  Am_JEY_B_321      0.97%    passed     99.99%
  75  Am_JEY_B_322      0.97%    passed     99.95%
  76  Am_CHE_B_323      0.97%    passed     99.99%
  77  Am_CHE_B_324      0.97%    passed     99.95%
  78  AmMe_FRA_A_325    0.97%    passed     99.77%
  79  AmMe_FRA_A_326    0.97%    passed     99.89%
  80  AmMe_FRA_A_327    0.97%    passed     99.89%
  81  AmMe_FRA_A_328    0.97%    passed     99.98%
  82  AmMe_FRA_A_329    1.03%    passed     98.79%
  83  AmMe_FRA_A_330    0.97%    passed     99.57%
  84  AmMe_FRA_A_331    0.97%    passed     99.98%
  85  AmMe_FRA_A_332    0.97%    passed     99.79%
  86  AmMe_FRA_A_333    0.97%    passed     99.91%
  87  AmMe_FRA_A_334    0.97%    passed     99.91%
  88  AmMe_FRA_A_335    0.97%    passed     99.91%
  89  AmMe_FRA_A_336    0.97%    passed    100.00%
  90  AmMe_FRA_A_337    0.97%    passed    100.00%
  91  AmMe_FRA_A_338    0.97%    passed    100.00%
  92  AmMe_FRA_A_339    0.97%    passed    100.00%
  93  AmMe_FRA_A_340    0.97%    passed     99.79%
  94  AmMe_FRA_A_341    0.97%    passed     99.79%
  95  AmMe_FRA_A_342    0.97%    passed     99.99%
  96  AmMe_FRA_A_343    0.97%    passed     99.99%
  97  AmMe_FRA_A_344    0.97%    passed     99.79%
  98  AmMe_FRA_A_349    0.97%    passed     99.79%
  99  AmMe_FRA_A_350    0.97%    passed     99.79%
 100  AmMe_FRA_A_351    0.97%    passed     99.98%
 101  AmMe_FRA_A_352    0.97%    passed     99.98%
 102  AmMe_FRA_A_353    0.97%    passed     99.77%
 103  AmMe_FRA_A_354    0.97%    passed     99.77%
 104  AmMe_FRA_A_355    0.97%    passed     99.77%
 105  AmMe_FRA_A_356    0.97%    passed     99.89%
 106  AmMe_FRA_A_357    0.97%    passed     99.80%
 107  AmMe_FRA_A_358    0.97%    passed     99.91%
 108  AmMe_FRA_A_359    0.97%    passed     99.91%
 109  AmMe_FRA_A_360    0.97%    passed     99.89%
 110  AmMe_FRA_A_361    0.97%    passed     99.79%
 111  AmMe_FRA_A_362    0.97%    passed    100.00%
 112  AmMe_FRA_A_363    0.97%    passed     99.79%
 113  AmMe_FRA_A_364    0.97%    passed     99.79%
 114  AmMe_FRA_A_365    0.97%    passed     99.79%
 115  AmMe_FRA_A_366    0.97%    passed     99.92%
 116  AmMe_FRA_A_367    0.97%    passed     99.99%
 117  AmMe_FRA_A_368    0.97%    passed     99.95%
 118  AmMe_FRA_A_369    0.97%    passed     99.96%
 119  Am_NOR_B_370      0.97%    passed    100.00%
 120  Am_NOR_B_374      0.97%    passed    100.00%
 121  Am_NOR_B_377      0.97%    passed     99.98%
 122  Am_SWE_B_380      0.97%    passed    100.00%
 123  Am_SWE_B_381      0.97%    passed    100.00%
 124  Am_SWE_B_382      0.97%    passed    100.00%
 125  Am_SWE_B_383      0.97%    passed    100.00%
 126  AmMe_NOR_N_118    0.69%    passed     99.70%
 127  AmIb_POR_N_127    0.99%    passed     99.98%
 128  AmSn_CHN_N_136    0.67%    passed     99.96%
 129  Am_SAU_N_253      0.99%    passed     99.89%
 130  Am_SAU_N_254      0.99%    passed     99.81%
 131  Am_SAU_N_255      0.99%    passed     99.89%
 132  Am_SAU_N_256      0.99%    passed     99.89%
****  TOTAL             0.97%  0 sequences failed composition chi2 test (p-value<5%; df=3)


Create initial parsimony tree by phylogenetic likelihood library (PLL)... 0.006 seconds
Perform fast likelihood tree search using GTR+I+G model...
Estimate model parameters (epsilon = 5.000)
Perform nearest neighbor interchange...
Estimate model parameters (epsilon = 1.000)
1. Initial log-likelihood: -16214.904
Optimal log-likelihood: -16214.897
Rate parameters:  A-C: 1.26558  A-G: 30.12039  A-T: 1.44821  C-G: 1.47984  C-T: 22.79326  G-T: 1.00000
Base frequencies:  A: 0.371  C: 0.086  G: 0.083  T: 0.461
Proportion of invariable sites: 0.482
Gamma shape alpha: 0.151
Parameters optimization took 1 rounds (0.027 sec)
Time for fast ML tree search: 0.436 seconds

NOTE: ModelFinder requires 9 MB RAM!
ModelFinder will test up to 572 DNA models (sample size: 11103 epsilon: 0.100) ...
 No. Model         -LnL         df  AIC          AICc         BIC
  1  JC            19464.709    261 39451.417    39464.033    41360.624
  2  JC+I          19340.626    262 39205.251    39217.964    41121.773
  3  JC+G4         19370.045    262 39264.090    39276.804    41180.613
  4  JC+I+G4       19343.228    263 39212.455    39225.267    41136.292
  5  JC+R2         19339.724    263 39205.449    39218.260    41129.286
  6  JC+R3         19336.283    265 39202.566    39215.575    41141.033
 14  JC            19464.709    261 39451.417    39464.033    41360.624
 15  JC+I          19340.626    262 39205.251    39217.964    41121.773
 16  JC+G4         19370.045    262 39264.090    39276.804    41180.613
 17  JC+I+G4       19343.228    263 39212.455    39225.267    41136.292
 18  JC+R2         19339.724    263 39205.448    39218.260    41129.286
 19  JC+R3         19336.283    265 39202.566    39215.575    41141.033
 27  F81           19464.159    261 39450.319    39462.934    41359.526
 28  F81+I         19339.443    262 39202.886    39215.599    41119.408
 29  F81+G4        19369.014    262 39262.028    39274.741    41178.550
 30  F81+I+G4      19342.048    263 39210.096    39222.907    41133.933
 31  F81+R2        19339.671    263 39205.342    39218.154    41129.179
 32  F81+R3        19336.204    265 39202.408    39215.418    41140.876
 40  F81+F         16744.837    264 34017.673    34030.583    35948.825
 41  F81+F+I       16633.739    265 33797.479    33810.488    35735.946
 42  F81+F+G4      16654.439    265 33838.877    33851.887    35777.345
 43  F81+F+I+G4    16633.990    266 33799.980    33813.088    35745.762
 44  F81+F+R2      16633.942    266 33799.884    33812.992    35745.666
 45  F81+F+R3      16630.092    268 33796.183    33809.492    35756.596
 53  K2P           19201.403    262 38926.805    38939.519    40843.328
 54  K2P+I         19070.776    263 38667.552    38680.364    40591.390
 55  K2P+G4        19105.292    263 38736.583    38749.395    40660.421
 56  K2P+I+G4      19071.033    264 38670.066    38682.976    40601.218
 57  K2P+R2        19070.265    264 38668.530    38681.440    40599.682
 58  K2P+R3        19064.376    266 38660.752    38673.861    40606.534
 66  K2P           19201.403    262 38926.805    38939.519    40843.328
 67  K2P+I         19070.776    263 38667.552    38680.364    40591.390
 68  K2P+G4        19105.292    263 38736.583    38749.395    40660.421
 69  K2P+I+G4      19071.033    264 38670.066    38682.976    40601.218
 70  K2P+R2        19070.265    264 38668.530    38681.440    40599.682
 71  K2P+R3        19064.376    266 38660.752    38673.861    40606.534
 79  HKY           19202.303    262 38928.605    38941.319    40845.128
 80  HKY+I         19070.775    263 38667.549    38680.361    40591.386
 81  HKY+G4        19105.289    263 38736.578    38749.390    40660.415
 82  HKY+I+G4      19071.345    264 38670.689    38683.599    40601.841
 83  HKY+R2        19070.837    264 38669.674    38682.584    40600.826
 84  HKY+R3        19062.961    266 38657.923    38671.031    40603.705
 92  HKY+F         16325.092    265 33180.185    33193.194    35118.652
 93  HKY+F+I       16219.824    266 32971.649    32984.757    34917.431
 94  HKY+F+G4      16234.046    266 33000.093    33013.201    34945.875
 95  HKY+F+I+G4    16218.083    267 32970.167    32983.375    34923.264
 96  HKY+F+R2      16219.469    267 32972.938    32986.146    34926.035
 97  HKY+F+R3      16211.371    269 32960.741    32974.150    34928.468
105  TNe           19200.494    263 38926.988    38939.800    40850.826
106  TNe+I         19069.313    264 38666.626    38679.536    40597.778
107  TNe+G4        19103.538    264 38735.076    38747.987    40666.229
108  TNe+I+G4      19071.892    265 38673.784    38686.793    40612.251
109  TNe+R2        19069.116    265 38668.232    38681.241    40606.699
110  TNe+R3        19061.696    267 38657.393    38670.601    40610.490
118  TNe           19200.494    263 38926.988    38939.800    40850.826
119  TNe+I         19069.313    264 38666.626    38679.536    40597.778
120  TNe+G4        19103.538    264 38735.076    38747.987    40666.229
121  TNe+I+G4      19071.892    265 38673.784    38686.793    40612.251
122  TNe+R2        19069.116    265 38668.232    38681.241    40606.699
123  TNe+R3        19061.696    267 38657.393    38670.601    40610.490
131  TN            19200.490    263 38926.980    38939.791    40850.817
132  TN+I          19069.298    264 38666.596    38679.506    40597.748
133  TN+G4         19103.534    264 38735.068    38747.978    40666.220
134  TN+I+G4       19069.783    265 38669.566    38682.575    40608.033
135  TN+R2         19069.422    265 38668.845    38681.854    40607.312
136  TN+R3         19061.849    267 38657.698    38670.906    40610.795
144  TN+F          16321.830    266 33175.660    33188.768    35121.442
145  TN+F+I        16216.370    267 32966.739    32979.947    34919.836
146  TN+F+G4       16230.782    267 32995.564    33008.772    34948.661
147  TN+F+I+G4     16215.032    268 32966.063    32979.371    34926.475
148  TN+F+R2       16216.357    268 32968.714    32982.022    34929.126
149  TN+F+R3       16210.259    270 32960.518    32974.028    34935.560
157  K3P           19190.363    263 38906.725    38919.537    40830.563
158  K3P+I         19058.993    264 38645.986    38658.896    40577.138
159  K3P+G4        19093.385    264 38714.770    38727.680    40645.922
160  K3P+I+G4      19059.502    265 38649.004    38662.013    40587.471
161  K3P+R2        19059.031    265 38648.062    38661.071    40586.529
162  K3P+R3        19050.970    267 38635.940    38649.148    40589.037
170  K3P           19190.363    263 38906.725    38919.537    40830.563
171  K3P+I         19058.993    264 38645.986    38658.896    40577.138
172  K3P+G4        19093.385    264 38714.770    38727.680    40645.922
173  K3P+I+G4      19059.502    265 38649.004    38662.013    40587.471
174  K3P+R2        19059.031    265 38648.062    38661.071    40586.529
175  K3P+R3        19050.970    267 38635.940    38649.148    40589.037
183  K3Pu          19190.404    263 38906.807    38919.619    40830.645
184  K3Pu+I        19059.031    264 38646.061    38658.972    40577.214
185  K3Pu+G4       19093.372    264 38714.745    38727.655    40645.897
186  K3Pu+I+G4     19059.497    265 38648.994    38662.003    40587.461
187  K3Pu+R2       19059.064    265 38648.129    38661.138    40586.596
188  K3Pu+R3       19050.863    267 38635.726    38648.935    40588.823
196  K3Pu+F        16324.689    266 33181.379    33194.487    35127.161
197  K3Pu+F+I      16219.348    267 32972.697    32985.905    34925.794
198  K3Pu+F+G4     16233.723    267 33001.447    33014.655    34954.544
199  K3Pu+F+I+G4   16216.996    268 32969.992    32983.301    34930.405
200  K3Pu+F+R2     16219.989    268 32975.978    32989.287    34936.390
201  K3Pu+F+R3     16211.400    270 32962.800    32976.310    34937.842
209  TPM2          19193.714    263 38913.428    38926.239    40837.265
210  TPM2+I        19059.447    264 38646.894    38659.804    40578.047
211  TPM2+G4       19095.860    264 38719.720    38732.630    40650.872
212  TPM2+I+G4     19060.265    265 38650.531    38663.540    40588.998
213  TPM2+R2       19059.393    265 38648.787    38661.796    40587.254
214  TPM2+R3       19049.961    267 38633.921    38647.130    40587.019
215  TPM2+R4       19049.582    269 38637.164    38650.573    40604.891
222  TPM2          19193.714    263 38913.428    38926.239    40837.265
223  TPM2+I        19059.447    264 38646.894    38659.804    40578.047
224  TPM2+G4       19095.860    264 38719.720    38732.630    40650.872
225  TPM2+I+G4     19060.265    265 38650.531    38663.540    40588.998
226  TPM2+R2       19059.393    265 38648.787    38661.796    40587.254
227  TPM2+R3       19049.961    267 38633.921    38647.130    40587.019
228  TPM2+R4       19049.582    269 38637.164    38650.573    40604.891
235  TPM2u         19193.703    263 38913.406    38926.218    40837.244
236  TPM2u+I       19059.363    264 38646.725    38659.635    40577.878
237  TPM2u+G4      19095.782    264 38719.564    38732.474    40650.716
238  TPM2u+I+G4    19060.133    265 38650.265    38663.274    40588.732
239  TPM2u+R2      19059.354    265 38648.708    38661.717    40587.175
240  TPM2u+R3      19049.824    267 38633.648    38646.857    40586.746
241  TPM2u+R4      19049.508    269 38637.016    38650.426    40604.744
248  TPM2u+F       16324.826    266 33181.652    33194.760    35127.434
249  TPM2u+F+I     16219.485    267 32972.970    32986.179    34926.067
250  TPM2u+F+G4    16233.783    267 33001.566    33014.775    34954.663
251  TPM2u+F+I+G4  16217.092    268 32970.184    32983.492    34930.596
252  TPM2u+F+R2    16220.176    268 32976.353    32989.661    34936.765
253  TPM2u+F+R3    16211.630    270 32963.260    32976.770    34938.302
261  TPM3          19197.096    263 38920.192    38933.004    40844.029
262  TPM3+I        19062.283    264 38652.565    38665.475    40583.717
263  TPM3+G4       19099.127    264 38726.253    38739.164    40657.406
264  TPM3+I+G4     19063.186    265 38656.371    38669.381    40594.839
265  TPM3+R2       19062.211    265 38654.423    38667.432    40592.890
266  TPM3+R3       19053.693    267 38641.386    38654.594    40594.483
274  TPM3          19197.096    263 38920.192    38933.004    40844.029
275  TPM3+I        19062.283    264 38652.565    38665.475    40583.717
276  TPM3+G4       19099.127    264 38726.253    38739.164    40657.406
277  TPM3+I+G4     19063.186    265 38656.371    38669.381    40594.839
278  TPM3+R2       19062.211    265 38654.423    38667.432    40592.890
279  TPM3+R3       19053.693    267 38641.386    38654.594    40594.483
287  TPM3u         19197.032    263 38920.065    38932.876    40843.902
288  TPM3u+I       19062.212    264 38652.424    38665.334    40583.577
289  TPM3u+G4      19099.040    264 38726.080    38738.990    40657.232
290  TPM3u+I+G4    19063.070    265 38656.141    38669.150    40594.608
291  TPM3u+R2      19062.195    265 38654.389    38667.398    40592.857
292  TPM3u+R3      19053.555    267 38641.111    38654.319    40594.208
300  TPM3u+F       16325.320    266 33182.640    33195.749    35128.423
301  TPM3u+F+I     16220.062    267 32974.123    32987.332    34927.220
302  TPM3u+F+G4    16234.273    267 33002.546    33015.754    34955.643
303  TPM3u+F+I+G4  16217.670    268 32971.340    32984.648    34931.752
304  TPM3u+F+R2    16220.783    268 32977.567    32990.875    34937.979
305  TPM3u+F+R3    16212.339    270 32964.678    32978.188    34939.720
313  TIMe          19189.102    264 38906.204    38919.114    40837.356
314  TIMe+I        19058.067    265 38646.134    38659.143    40584.601
315  TIMe+G4       19092.128    265 38714.256    38727.266    40652.724
316  TIMe+I+G4     19058.415    266 38648.829    38661.938    40594.611
317  TIMe+R2       19057.732    266 38647.463    38660.572    40593.245
318  TIMe+R3       19049.656    268 38635.312    38648.620    40595.724
326  TIMe          19189.102    264 38906.204    38919.114    40837.356
327  TIMe+I        19058.067    265 38646.134    38659.143    40584.601
328  TIMe+G4       19092.128    265 38714.256    38727.266    40652.724
329  TIMe+I+G4     19058.415    266 38648.829    38661.938    40594.611
330  TIMe+R2       19057.732    266 38647.463    38660.572    40593.245
331  TIMe+R3       19049.656    268 38635.312    38648.620    40595.724
339  TIM           19188.625    264 38905.249    38918.159    40836.401
340  TIM+I         19057.592    265 38645.184    38658.193    40583.651
341  TIM+G4        19091.661    265 38713.322    38726.332    40651.790
342  TIM+I+G4      19057.925    266 38647.849    38660.958    40593.632
343  TIM+R2        19057.661    266 38647.323    38660.431    40593.105
344  TIM+R3        19049.571    268 38635.141    38648.450    40595.553
352  TIM+F         16321.432    267 33176.864    33190.072    35129.961
353  TIM+F+I       16215.894    268 32967.787    32981.096    34928.200
354  TIM+F+G4      16230.426    268 32996.851    33010.160    34957.263
355  TIM+F+I+G4    16214.580    269 32967.160    32980.569    34934.887
356  TIM+F+R2      16215.878    269 32969.755    32983.164    34937.482
357  TIM+F+R3      16210.069    271 32962.138    32975.750    34944.495
365  TIM2e         19191.648    264 38911.296    38924.206    40842.448
366  TIM2e+I       19057.439    265 38644.878    38657.887    40583.346
367  TIM2e+G4      19093.710    265 38717.421    38730.430    40655.888
368  TIM2e+I+G4    19060.595    266 38653.189    38666.298    40598.972
369  TIM2e+R2      19057.158    266 38646.316    38659.425    40592.098
370  TIM2e+R3      19048.462    268 38632.925    38646.233    40593.337
378  TIM2e         19191.648    264 38911.296    38924.206    40842.448
379  TIM2e+I       19057.439    265 38644.878    38657.887    40583.346
380  TIM2e+G4      19093.710    265 38717.421    38730.430    40655.888
381  TIM2e+I+G4    19060.595    266 38653.189    38666.298    40598.972
382  TIM2e+R2      19057.158    266 38646.316    38659.425    40592.098
383  TIM2e+R3      19048.462    268 38632.925    38646.233    40593.337
391  TIM2          19191.645    264 38911.290    38924.200    40842.442
392  TIM2+I        19057.436    265 38644.871    38657.880    40583.339
393  TIM2+G4       19093.707    265 38717.415    38730.424    40655.882
394  TIM2+I+G4     19058.107    266 38648.213    38661.322    40593.996
395  TIM2+R2       19057.518    266 38647.036    38660.145    40592.818
396  TIM2+R3       19048.600    268 38633.200    38646.509    40593.612
404  TIM2+F        16321.746    267 33177.491    33190.700    35130.588
405  TIM2+F+I      16216.279    268 32968.558    32981.867    34928.971
406  TIM2+F+G4     16230.488    268 32996.976    33010.284    34957.388
407  TIM2+F+I+G4   16214.646    269 32967.292    32980.701    34935.019
408  TIM2+F+R2     16216.299    269 32970.598    32984.007    34938.325
409  TIM2+F+R3     16209.988    271 32961.977    32975.588    34944.334
417  TIM3e         19194.905    264 38917.809    38930.719    40848.962
418  TIM3e+I       19060.699    265 38651.397    38664.407    40589.865
419  TIM3e+G4      19097.077    265 38724.155    38737.164    40662.622
420  TIM3e+I+G4    19063.943    266 38659.886    38672.995    40605.668
421  TIM3e+R2      19060.422    266 38652.844    38665.953    40598.626
422  TIM3e+R3      19052.275    268 38640.550    38653.858    40600.962
430  TIM3e         19194.905    264 38917.809    38930.719    40848.962
431  TIM3e+I       19060.699    265 38651.397    38664.407    40589.865
432  TIM3e+G4      19097.077    265 38724.155    38737.164    40662.622
433  TIM3e+I+G4    19063.943    266 38659.886    38672.995    40605.668
434  TIM3e+R2      19060.422    266 38652.844    38665.953    40598.626
435  TIM3e+R3      19052.275    268 38640.550    38653.858    40600.962
443  TIM3          19194.902    264 38917.803    38930.713    40848.955
444  TIM3+I        19060.698    265 38651.396    38664.405    40589.864
445  TIM3+G4       19097.076    265 38724.153    38737.162    40662.620
446  TIM3+I+G4     19061.435    266 38654.869    38667.978    40600.652
447  TIM3+R2       19060.786    266 38653.572    38666.681    40599.354
448  TIM3+R3       19052.508    268 38641.017    38654.325    40601.429
456  TIM3+F        16321.823    267 33177.646    33190.854    35130.743
457  TIM3+F+I      16216.347    268 32968.693    32982.002    34929.105
458  TIM3+F+G4     16230.778    268 32997.555    33010.864    34957.968
459  TIM3+F+I+G4   16215.008    269 32968.016    32981.425    34935.743
460  TIM3+F+R2     16216.343    269 32970.686    32984.095    34938.413
461  TIM3+F+R3     16210.436    271 32962.872    32976.483    34945.229
469  TVMe          19185.565    265 38901.129    38914.139    40839.597
470  TVMe+I        19048.719    266 38629.439    38642.547    40575.221
471  TVMe+G4       19087.020    266 38706.040    38719.149    40651.823
472  TVMe+I+G4     19052.678    267 38639.355    38652.564    40592.453
473  TVMe+R2       19048.404    267 38630.809    38644.017    40583.906
474  TVMe+R3       19038.852    269 38615.704    38629.113    40583.431
475  TVMe+R4       19038.225    271 38618.451    38632.062    40600.808
482  TVMe          19185.565    265 38901.129    38914.139    40839.597
483  TVMe+I        19048.719    266 38629.439    38642.548    40575.221
484  TVMe+G4       19087.020    266 38706.040    38719.149    40651.823
485  TVMe+I+G4     19052.678    267 38639.355    38652.564    40592.453
486  TVMe+R2       19048.404    267 38630.809    38644.017    40583.906
487  TVMe+R3       19038.852    269 38615.704    38629.113    40583.431
488  TVMe+R4       19038.225    271 38618.451    38632.062    40600.808
495  TVM           19185.562    265 38901.124    38914.133    40839.591
496  TVM+I         19048.705    266 38629.410    38642.519    40575.192
497  TVM+G4        19087.015    266 38706.030    38719.138    40651.812
498  TVM+I+G4      19052.536    267 38639.072    38652.280    40592.169
499  TVM+R2        19048.799    267 38631.597    38644.805    40584.694
500  TVM+R3        19038.715    269 38615.431    38628.840    40583.158
501  TVM+R4        19038.355    271 38618.709    38632.320    40601.066
508  TVM+F         16324.582    268 33185.163    33198.472    35145.576
509  TVM+F+I       16219.227    269 32976.454    32989.863    34944.181
510  TVM+F+G4      16233.533    269 33005.066    33018.475    34972.793
511  TVM+F+I+G4    16216.849    270 32973.699    32987.209    34948.741
512  TVM+F+R2      16219.193    270 32978.385    32991.895    34953.427
513  TVM+F+R3      16211.063    272 32966.125    32979.839    34955.797
521  SYM           19183.733    266 38899.466    38912.574    40845.248
522  SYM+I         19047.224    267 38628.448    38641.656    40581.545
523  SYM+G4        19085.238    267 38704.476    38717.684    40657.573
524  SYM+I+G4      19050.637    268 38637.273    38650.582    40597.685
525  SYM+R2        19047.241    268 38630.483    38643.791    40590.895
526  SYM+R3        19037.907    270 38615.815    38629.325    40590.857
527  SYM+R4        19037.539    272 38619.077    38632.790    40608.749
534  SYM           19183.733    266 38899.466    38912.574    40845.248
535  SYM+I         19047.224    267 38628.448    38641.656    40581.545
536  SYM+G4        19085.238    267 38704.476    38717.684    40657.573
537  SYM+I+G4      19050.637    268 38637.273    38650.582    40597.685
538  SYM+R2        19047.241    268 38630.483    38643.791    40590.895
539  SYM+R3        19037.907    270 38615.815    38629.325    40590.857
540  SYM+R4        19037.539    272 38619.077    38632.790    40608.749
547  GTR           19183.733    266 38899.467    38912.575    40845.249
548  GTR+I         19047.222    267 38628.444    38641.652    40581.541
549  GTR+G4        19085.234    267 38704.469    38717.677    40657.566
550  GTR+I+G4      19050.514    268 38637.028    38650.336    40597.440
551  GTR+R2        19047.229    268 38630.459    38643.767    40590.871
552  GTR+R3        19037.757    270 38615.514    38629.024    40590.556
553  GTR+R4        19037.507    272 38619.014    38632.727    40608.686
560  GTR+F         16321.368    269 33180.735    33194.144    35148.462
561  GTR+F+I       16215.825    270 32971.651    32985.161    34946.693
562  GTR+F+G4      16230.355    270 33000.710    33014.220    34975.752
563  GTR+F+I+G4    16214.504    271 32971.009    32984.620    34953.366
564  GTR+F+R2      16215.832    271 32973.664    32987.275    34956.021
565  GTR+F+R3      16209.960    273 32965.920    32979.735    34962.907
Akaike Information Criterion:           TN+F+R3
Corrected Akaike Information Criterion: TN+F+R3
Bayesian Information Criterion:         HKY+F+I
Best-fit model: HKY+F+I chosen according to BIC

All model information printed to Apis_m_mtDNA_NA_subset.fst.model.gz
CPU time for ModelFinder: 33.502 seconds (0h:0m:33s)
Wall-clock time for ModelFinder: 33.538 seconds (0h:0m:33s)

NOTE: 0 MB RAM (0 GB) is required!
Estimate model parameters (epsilon = 0.010)
1. Initial log-likelihood: -16220.410
2. Current log-likelihood: -16220.230
Optimal log-likelihood: -16220.228
Rate parameters:  A-C: 1.00000  A-G: 19.17527  A-T: 1.00000  C-G: 1.00000  C-T: 19.17527  G-T: 1.00000
Base frequencies:  A: 0.371  C: 0.086  G: 0.083  T: 0.461
Proportion of invariable sites: 0.858
Parameters optimization took 2 rounds (0.017 sec)
Wrote distance file to... 
BEST SCORE FOUND : -16220.228
Total tree length: 0.049

Total number of iterations: 0
CPU time used for tree search: 0.000 sec (0h:0m:0s)
Wall-clock time used for tree search: 0.000 sec (0h:0m:0s)
Total CPU time used: 33.529 sec (0h:0m:33s)
Total wall-clock time used: 33.565 sec (0h:0m:33s)

Analysis results written to: 
  IQ-TREE report:                Apis_m_mtDNA_NA_subset.fst.iqtree
  Tree used for ModelFinder:     Apis_m_mtDNA_NA_subset.fst.treefile
  Screen log file:               Apis_m_mtDNA_NA_subset.fst.log

Date and Time: Tue Jul  7 14:09:36 2026
