IQ-TREE version 3.1.2 for Linux x86 64-bit built May  7 2026
Developed by Bui Quang Minh, Thomas Wong, Nhan Ly-Trong, Huaiyan Ren
Contributed by Lam-Tung Nguyen, Dominik Schrempf, Chris Bielow,
Olga Chernomor, Michael Woodhams, Diep Thi Hoang, Heiko Schmidt

Host:    marissa-ASUS-TUF-Gaming-F16-FX607VJ-FX607VJ (AVX2, FMA3, 15 GB RAM)
Command: /home/marissa/anaconda3/envs/2_phylogeny/bin/iqtree3_intel -s Apis_m_mtDNA_NA_total.fst --seqtype DNA -m K3Pu+F+R3 -bb 1000 -alrt 1000
Seed:    744892 (Using SPRNG - Scalable Parallel Random Number Generator)
Time:    Wed Jul  1 00:11:47 2026
Kernel:  AVX+FMA - 1 threads (12 CPU cores detected)

HINT: Use -nt option to specify number of threads because your CPU has 12 cores!
HINT: -nt AUTO will automatically determine the best number of threads to use.

Reading alignment file Apis_m_mtDNA_NA_total.fst ... Fasta format detected
Reading fasta file: done in 0.081356 secs using 78.8% CPU
Alignment most likely contains DNA/RNA sequences
Constructing alignment: done in 0.065177 secs using 85.94% CPU
WARNING: 72 sites contain only gaps or ambiguous characters.
Alignment has 382 sequences with 11190 columns, 648 distinct patterns
586 parsimony-informative, 227 singleton sites, 10377 constant sites
                  Gap/Ambiguity  Composition  p-value
Analyzing sequences: done in 0.00277019 secs using 99.89% CPU
   1  AmMe_IRL_F_001      1.74%    passed     99.98%
   2  AmMe_IRL_F_002      1.74%    passed     99.99%
   3  AmMe_IRL_F_003      1.74%    passed     99.94%
   4  AmMe_IRL_F_004      1.74%    passed     99.97%
   5  AmMe_IRL_F_005      1.74%    passed     99.99%
   6  AmMe_IRL_F_006      1.74%    passed     99.95%
   7  AmMe_IRL_F_007      1.74%    passed     99.99%
   8  AmMe_IRL_F_008      1.74%    passed     99.95%
   9  AmMe_IRL_F_009      1.74%    passed     99.98%
  10  AmMe_IRL_F_010      1.85%    passed    100.00%
  11  AmMe_IRL_F_011      1.75%    passed     99.91%
  12  AmMe_IRL_F_012      1.74%    passed     99.98%
  13  AmMe_IRL_F_013      1.74%    passed     99.99%
  14  AmMe_IRL_F_014      1.74%    passed     99.99%
  15  AmMe_IRL_F_015      1.74%    passed     99.91%
  16  AmMe_IRL_F_016      1.74%    passed     99.99%
  17  AmMe_IRL_F_017      1.74%    passed     99.99%
  18  AmMe_IRL_F_018      1.74%    passed     99.99%
  19  AmMe_IRL_F_019      1.74%    passed     99.99%
  20  AmMe_IRL_F_020      1.74%    passed     99.99%
  21  AmMe_IRL_F_021      1.74%    passed     99.99%
  22  AmMe_IRL_F_022      1.74%    passed     99.99%
  23  AmMe_IRL_F_023      1.74%    passed     99.99%
  24  AmMe_IRL_F_024      1.74%    passed     99.97%
  25  AmMe_IRL_F_025      1.74%    passed     99.99%
  26  AmMe_IRL_F_026      1.74%    passed     99.41%
  27  AmMe_IRL_F_027      1.74%    passed     99.99%
  28  AmMe_IRL_F_028      1.74%    passed     99.99%
  29  AmMe_IRL_F_029      1.74%    passed     99.99%
  30  AmMe_IRL_F_030      1.74%    passed     99.99%
  31  AmMe_IRL_F_031      1.74%    passed     99.99%
  32  AmMe_IRL_F_032      1.74%    passed     99.99%
  33  AmHy_IRL_F_033      1.74%    passed     99.75%
  34  AmHy_IRL_F_034      1.75%    passed     98.86%
  35  AmHy_IRL_F_035      1.74%    passed     99.99%
  36  AmHy_IRL_F_036      1.75%    passed     99.86%
  37  AmHy_IRL_F_037      1.74%    passed     99.90%
  38  AmHy_IRL_F_038      1.74%    passed     99.90%
  39  AmHy_IRL_F_039      1.74%    passed    100.00%
  40  AmHy_IRL_F_040      1.74%    passed    100.00%
  41  AmHy_IRL_F_041      1.74%    passed     99.89%
  42  AmHy_IRL_F_042      1.75%    passed     99.84%
  43  AmHy_IRL_F_043      1.74%    passed     99.21%
  44  AmHy_GBR_F_044      1.74%    passed     99.93%
  45  AmHy_IRL_M_045      1.74%    passed     91.39%
  46  AmHy_IRL_M_046      1.74%    passed     99.99%
  47  AmHy_IRL_M_047      1.74%    passed     99.99%
  48  AmHy_IRL_M_048      1.96%    passed     99.90%
  49  AmHy_IRL_M_049      1.74%    passed     99.98%
  50  AmHy_IRL_M_050      1.74%    passed     99.98%
  51  AmHy_IRL_M_051      1.74%    passed     99.99%
  52  AmMe_IRL_M_052      1.74%    passed     99.99%
  53  AmMe_IRL_M_053      1.74%    passed     99.99%
  54  AmMe_IRL_M_054      6.74%    passed     90.61%
  55  AmMe_IRL_M_055      1.74%    passed     99.99%
  56  AmMe_IRL_M_056      1.74%    passed     99.99%
  57  AmMe_IRL_M_057      1.74%    passed     99.99%
  58  AmMe_IRL_M_058      1.74%    passed     99.97%
  59  AmMe_IRL_M_059      1.75%    passed     99.99%
  60  AmMe_IRL_M_060      1.74%    passed     99.99%
  61  AmMe_IRL_M_061      1.74%    passed     99.99%
  62  AmMe_IRL_M_062      1.74%    passed     99.06%
  63  AmMe_IRL_M_063      1.74%    passed     99.99%
  64  AmMe_IRL_M_064      1.74%    passed     99.96%
  65  AmMe_IRL_M_065      1.74%    passed     99.99%
  66  AmMe_IRL_M_066      1.74%    passed     99.95%
  67  AmMe_IRL_M_067      6.61%    passed     90.29%
  68  AmMe_IRL_M_068      1.74%    passed     99.99%
  69  AmMe_IRL_M_069      1.75%    passed     99.61%
  70  AmMe_IRL_M_070      1.74%    passed     99.99%
  71  AmMe_IRL_M_071      1.74%    passed     99.99%
  72  AmMe_IRL_M_072      1.74%    passed     99.99%
  73  AmMe_IRL_M_073      1.74%    passed     99.99%
  74  AmMe_IRL_M_074      1.75%    passed     99.99%
  75  AmMe_IRL_M_075      1.74%    passed     99.99%
  76  AmMe_IRL_F_076      1.75%    passed     99.99%
  77  AmMe_IRL_F_077      1.74%    passed     99.98%
  78  AmMe_IRL_F_078      1.74%    passed     99.21%
  79  AmMe_IRL_F_079      1.74%    passed     99.99%
  80  AmMe_IRL_M_080      1.74%    passed     99.98%
  81  AmCr_DEU_M_081      1.74%    passed     99.92%
  82  AmCr_DEU_M_082      1.74%    passed     99.97%
  83  AmCr_DEU_M_083      1.74%    passed     99.56%
  84  AmMe_IRL_C_295      1.74%    passed     99.83%
  85  Am_IRL_B_296        1.74%    passed     99.99%
  86  Am_IRL_B_297        1.74%    passed     99.98%
  87  Am_IRL_B_298        1.74%    passed    100.00%
  88  Am_IRL_B_299        1.74%    passed     99.88%
  89  AmMe_GBR_A_300      1.74%    passed     99.99%
  90  Am_GBR_B_301        1.74%    passed     99.06%
  91  Am_GBR_B_302        1.74%    passed     99.90%
  92  Am_GBR_B_303        1.74%    passed     98.54%
  93  Am_GBR_B_304        1.74%    passed     99.69%
  94  Am_GBR_B_305        1.74%    passed     99.44%
  95  Am_GBR_B_306        1.74%    passed     99.84%
  96  Am_GBR_B_307        1.74%    passed     99.14%
  97  Am_GBR_B_308        1.74%    passed     99.89%
  98  Am_GBR_B_309        1.74%    passed     99.89%
  99  Am_GBR_B_310        1.74%    passed     99.41%
 100  Am_GBR_B_312        1.74%    passed     99.98%
 101  Am_GBR_B_313        1.74%    passed     99.92%
 102  Am_GBR_B_314        1.74%    passed     99.43%
 103  Am_GBR_B_315        1.74%    passed     99.88%
 104  Am_GBR_B_316        1.74%    passed     99.98%
 105  Am_GBR_B_317        1.74%    passed     99.99%
 106  Am_GBR_B_318        1.74%    passed     99.41%
 107  Am_GBR_B_319        1.74%    passed    100.00%
 108  Am_GBR_B_320        1.74%    passed     99.89%
 109  Am_JEY_B_321        1.74%    passed     99.88%
 110  Am_JEY_B_322        1.74%    passed     99.74%
 111  Am_CHE_B_323        1.74%    passed     99.89%
 112  Am_CHE_B_324        1.74%    passed     99.76%
 113  AmMe_FRA_A_325      1.74%    passed     99.38%
 114  AmMe_FRA_A_326      1.74%    passed     99.62%
 115  AmMe_FRA_A_327      1.74%    passed     99.62%
 116  AmMe_FRA_A_328      1.74%    passed     99.87%
 117  AmMe_FRA_A_329      1.80%    passed     99.48%
 118  AmMe_FRA_A_330      1.74%    passed     99.89%
 119  AmMe_FRA_A_331      1.74%    passed     99.87%
 120  AmMe_FRA_A_332      1.74%    passed     99.39%
 121  AmMe_FRA_A_333      1.74%    passed     99.64%
 122  AmMe_FRA_A_334      1.74%    passed     99.64%
 123  AmMe_FRA_A_335      1.74%    passed     99.64%
 124  AmMe_FRA_A_336      1.74%    passed     99.96%
 125  AmMe_FRA_A_337      1.74%    passed     99.96%
 126  AmMe_FRA_A_338      1.74%    passed     99.96%
 127  AmMe_FRA_A_339      1.74%    passed     99.96%
 128  AmMe_FRA_A_340      1.74%    passed     99.40%
 129  AmMe_FRA_A_341      1.74%    passed     99.40%
 130  AmMe_FRA_A_342      1.74%    passed     99.99%
 131  AmMe_FRA_A_343      1.74%    passed     99.99%
 132  AmMe_FRA_A_344      1.74%    passed     99.40%
 133  AmMe_FRA_A_345      1.74%    passed     99.41%
 134  AmMe_FRA_A_346      1.74%    passed     99.41%
 135  AmMe_FRA_A_347      1.74%    passed     99.21%
 136  AmMe_FRA_A_348      1.74%    passed     99.41%
 137  AmMe_FRA_A_349      1.74%    passed     99.40%
 138  AmMe_FRA_A_350      1.74%    passed     99.40%
 139  AmMe_FRA_A_351      1.74%    passed     99.85%
 140  AmMe_FRA_A_352      1.74%    passed     99.85%
 141  AmMe_FRA_A_353      1.74%    passed     99.38%
 142  AmMe_FRA_A_354      1.74%    passed     99.38%
 143  AmMe_FRA_A_355      1.74%    passed     99.38%
 144  AmMe_FRA_A_356      1.74%    passed     99.62%
 145  AmMe_FRA_A_357      1.74%    passed     99.41%
 146  AmMe_FRA_A_358      1.74%    passed     99.64%
 147  AmMe_FRA_A_359      1.74%    passed     99.64%
 148  AmMe_FRA_A_360      1.74%    passed     99.62%
 149  AmMe_FRA_A_361      1.74%    passed     99.40%
 150  AmMe_FRA_A_362      1.74%    passed     99.96%
 151  AmMe_FRA_A_363      1.74%    passed     99.40%
 152  AmMe_FRA_A_364      1.74%    passed     99.40%
 153  AmMe_FRA_A_365      1.74%    passed     99.40%
 154  AmMe_FRA_A_366      1.74%    passed     99.69%
 155  AmMe_FRA_A_367      1.74%    passed     99.99%
 156  AmMe_FRA_A_368      1.74%    passed     99.77%
 157  AmMe_FRA_A_369      1.74%    passed     99.80%
 158  Am_NOR_B_370        1.74%    passed     99.96%
 159  Am_NOR_B_371        1.74%    passed     99.92%
 160  Am_NOR_B_372        1.74%    passed     99.92%
 161  Am_NOR_B_373        1.74%    passed     99.56%
 162  Am_NOR_B_374        1.74%    passed     99.96%
 163  Am_NOR_B_375        1.74%    passed     99.92%
 164  Am_NOR_B_376        1.74%    passed     99.92%
 165  Am_NOR_B_377        1.74%    passed     99.99%
 166  Am_NOR_B_378        1.74%    passed     99.92%
 167  Am_SWE_B_379        1.74%    passed     99.97%
 168  Am_SWE_B_380        1.74%    passed     99.96%
 169  Am_SWE_B_381        1.74%    passed     99.96%
 170  Am_SWE_B_382        1.74%    passed     99.96%
 171  Am_SWE_B_383        1.74%    passed     99.96%
 172  AmLi_ITA_N_084      1.76%    passed     99.96%
 173  AmLi_ITA_N_085      1.47%    passed     99.48%
 174  AmSi_ITA_N_086      1.76%    passed     90.89%
 175  AmLi_ITA_N_087      1.76%    passed     99.99%
 176  AmLi_ITA_N_088      1.76%    passed     99.99%
 177  AmLi_ITA_N_089      1.76%    passed     99.99%
 178  AmLi_ITA_N_090      1.76%    passed     99.91%
 179  AmLi_ITA_N_091      1.76%    passed     99.99%
 180  AmLi_ITA_N_092      1.76%    passed     99.99%
 181  AmLi_ITA_N_093      1.76%    passed     99.91%
 182  AmLi_ITA_N_094      1.76%    passed     99.98%
 183  AmLi_ITA_N_095      1.76%    passed     99.99%
 184  AmLi_ITA_N_096      1.76%    passed     99.72%
 185  AmLi_ITA_N_097      1.76%    passed     99.99%
 186  AmLi_ITA_N_098      1.76%    passed     99.99%
 187  AmLi_ITA_N_099      1.76%    passed     99.91%
 188  AmLi_ITA_N_100      1.76%    passed     99.99%
 189  AmLi_ITA_N_101      1.76%    passed     99.99%
 190  AmLi_ITA_N_102      1.76%    passed     99.91%
 191  AmLi_ITA_N_103      1.76%    passed     99.99%
 192  AmLi_ITA_N_104      1.76%    passed     99.99%
 193  AmLi_ITA_N_105      1.76%    passed     99.46%
 194  AmLi_ITA_N_106      1.76%    passed     99.99%
 195  AmLi_ITA_N_107      1.76%    passed     99.99%
 196  AmLi_ITA_N_108      1.76%    passed     99.99%
 197  AmLi_ITA_N_109      1.76%    passed     99.99%
 198  AmLi_ITA_N_110      1.76%    passed     99.99%
 199  AmLi_ITA_N_111      1.76%    passed     99.99%
 200  AmLi_ITA_N_112      1.76%    passed     99.99%
 201  AmLi_ITA_N_113      1.76%    passed     99.99%
 202  AmLi_ITA_N_114      1.76%    passed     99.99%
 203  AmLi_ITA_N_115      1.76%    passed     99.99%
 204  AmLi_ITA_N_116      1.76%    passed     99.99%
 205  AmRu_MLT_N_117      1.76%    passed     87.23%
 206  AmMe_NOR_N_118      1.47%    passed     99.81%
 207  AmCr_POL_N_119      0.82%    passed     97.81%
 208  AmCr_POL_N_120      0.82%    passed     97.81%
 209  AmCr_POL_N_121      1.04%    passed     97.85%
 210  AmCr_POL_N_122      0.82%    passed     97.06%
 211  AmCr_POL_N_123      0.82%    passed     97.06%
 212  AmCr_POL_N_124      0.82%    passed     97.81%
 213  AmCr_POL_N_125      0.82%    passed     97.81%
 214  AmIb_POR_N_126      1.76%    passed     94.88%
 215  AmIb_POR_N_127      1.76%    passed     99.89%
 216  AmCr_SEE_N_128      1.76%    passed     99.96%
 217  AmCr_SVN_N_129      1.47%    passed     99.19%
 218  AmCr_SVN_N_130      1.47%    passed     99.19%
 219  AmLi_AUS_N_131      1.47%    passed     99.84%
 220  AmCu_EUA_N_132      1.76%    passed     99.22%
 221  AmSc_MEX_N_133      1.77%    passed     94.73%
 222  AmJe_ARA_N_134      1.76%    passed     99.58%
 223  AmSc_ASI_N_135      1.76%    passed     99.81%
 224  AmSn_CHN_N_136      1.44%    passed     99.99%
 225  AmLi_CHN_N_137      1.76%    passed     99.91%
 226  AmLi_CHN_N_138      1.76%    passed     99.91%
 227  AmLi_CHN_N_139      1.76%    passed     99.91%
 228  AmLi_CHN_N_140      1.76%    passed     99.91%
 229  AmLi_CHN_N_141      1.76%    passed     99.91%
 230  AmLi_CHN_N_142      1.76%    passed     99.91%
 231  AmLi_CHN_N_143      1.76%    passed     99.91%
 232  AmLi_CHN_N_144      1.76%    passed     99.91%
 233  AmLi_CHN_N_145      1.76%    passed     99.91%
 234  AmLi_CHN_N_146      1.76%    passed     99.91%
 235  AmLi_CHN_N_147      1.76%    passed     99.99%
 236  AmLi_CHN_N_148      1.76%    passed     99.91%
 237  AmLi_CHN_N_149      1.76%    passed     99.77%
 238  AmLi_CHN_N_150      1.76%    passed     98.95%
 239  AmLi_CHN_N_151      1.76%    passed     99.99%
 240  AmLi_CHN_N_152      1.76%    passed     99.95%
 241  AmLi_CHN_N_153      1.76%    passed     99.91%
 242  AmLi_CHN_N_154      1.76%    passed     99.91%
 243  AmLi_CHN_N_155      1.76%    passed     99.91%
 244  AmLi_CHN_N_156      1.76%    passed     99.91%
 245  AmLi_CHN_N_157      1.76%    passed     99.91%
 246  AmLi_CHN_N_158      1.76%    passed     99.91%
 247  AmLi_CHN_N_159      1.76%    passed     99.91%
 248  AmLi_CHN_N_160      1.76%    passed     99.91%
 249  AmLi_CHN_N_161      1.76%    passed     99.91%
 250  AmLi_CHN_N_162      1.76%    passed     99.91%
 251  AmLi_CHN_N_163      1.76%    passed     99.91%
 252  AmLi_CHN_N_164      1.76%    passed     99.91%
 253  AmLi_CHN_N_165      1.76%    passed     99.91%
 254  AmLi_CHN_N_166      1.76%    passed     99.91%
 255  AmLi_CHN_N_167      1.76%    passed     99.91%
 256  AmLi_CHN_N_168      1.76%    passed     99.91%
 257  AmLi_CHN_N_169      1.76%    passed     99.91%
 258  AmLi_CHN_N_170      1.76%    passed     99.91%
 259  AmLi_CHN_N_171      1.76%    passed     99.84%
 260  AmLi_CHN_N_172      1.76%    passed     99.91%
 261  AmLi_CHN_N_173      1.76%    passed     99.99%
 262  AmLi_CHN_N_174      1.76%    passed     99.99%
 263  AmLi_CHN_N_175      1.76%    passed     99.99%
 264  AmLi_CHN_N_176      1.76%    passed     99.99%
 265  AmLi_CHN_N_177      1.76%    passed     99.91%
 266  AmLi_CHN_N_178      1.76%    passed     99.91%
 267  AmLi_CHN_N_179      1.76%    passed     99.91%
 268  AmLi_CHN_N_180      1.76%    passed     99.91%
 269  AmLi_CHN_N_181      1.76%    passed     99.91%
 270  AmLi_CHN_N_182      1.76%    passed     99.91%
 271  AmLi_CHN_N_183      1.76%    passed     99.91%
 272  AmLi_CHN_N_184      1.76%    passed     99.91%
 273  AmLi_CHN_N_185      1.76%    passed     99.91%
 274  AmLi_CHN_N_186      1.76%    passed     99.91%
 275  AmLi_CHN_N_187      1.76%    passed     99.91%
 276  AmLi_CHN_N_188      1.76%    passed     99.91%
 277  AmLi_CHN_N_189      1.76%    passed     99.99%
 278  AmLi_CHN_N_190      1.76%    passed     99.91%
 279  AmLi_CHN_N_191      1.76%    passed     99.91%
 280  AmLi_CHN_N_192      1.76%    passed     99.87%
 281  AmLi_CHN_N_193      1.76%    passed     99.92%
 282  AmLi_CHN_N_194      1.76%    passed     99.91%
 283  AmLi_CHN_N_195      1.76%    passed     99.92%
 284  AmLi_CHN_N_196      1.76%    passed     99.91%
 285  AmLi_CHN_N_197      1.76%    passed     99.91%
 286  AmLi_CHN_N_198      1.76%    passed     99.91%
 287  AmLi_CHN_N_199      1.76%    passed     99.91%
 288  AmLi_CHN_N_200      1.76%    passed     99.91%
 289  AmLi_CHN_N_201      1.76%    passed     99.91%
 290  AmLi_CHN_N_202      1.76%    passed     99.91%
 291  AmLi_CHN_N_203      1.76%    passed     99.99%
 292  AmLi_CHN_N_204      1.76%    passed     99.91%
 293  AmLi_CHN_N_205      1.76%    passed     99.91%
 294  AmLi_CHN_N_206      1.76%    passed     99.91%
 295  AmLi_CHN_N_207      1.76%    passed     99.91%
 296  AmLi_CHN_N_208      1.76%    passed     99.91%
 297  AmLi_CHN_N_209      1.76%    passed     99.91%
 298  AmLi_CHN_N_210      1.76%    passed     99.91%
 299  AmLi_CHN_N_211      1.76%    passed     99.91%
 300  AmLi_CHN_N_212      1.76%    passed     99.91%
 301  AmLi_CHN_N_213      1.76%    passed     99.91%
 302  AmLi_CHN_N_214      1.76%    passed     99.91%
 303  AmLi_CHN_N_215      1.76%    passed     99.91%
 304  AmLi_CHN_N_216      1.76%    passed     99.91%
 305  AmLi_CHN_N_217      1.76%    passed     99.91%
 306  AmLi_CHN_N_218      1.76%    passed     99.99%
 307  AmLi_CHN_N_219      1.76%    passed     99.99%
 308  AmLi_CHN_N_220      1.76%    passed     99.99%
 309  AmLi_CHN_N_221      1.76%    passed     99.91%
 310  AmLi_CHN_N_222      1.76%    passed     99.91%
 311  AmLi_CHN_N_223      1.76%    passed     99.91%
 312  AmLi_CHN_N_224      1.76%    passed     99.91%
 313  AmLi_CHN_N_225      1.76%    passed     99.91%
 314  AmLi_CHN_N_226      1.76%    passed     99.91%
 315  AmLi_CHN_N_227      1.76%    passed     99.91%
 316  AmLi_CHN_N_228      1.76%    passed     99.91%
 317  AmLi_CHN_N_229      1.76%    passed     99.91%
 318  AmLi_CHN_N_230      1.76%    passed     99.91%
 319  AmLi_CHN_N_231      1.76%    passed     99.91%
 320  AmLi_CHN_N_232      1.76%    passed     99.98%
 321  AmLi_CHN_N_233      1.76%    passed     99.91%
 322  AmLi_CHN_N_234      1.76%    passed     99.91%
 323  AmLi_CHN_N_235      1.76%    passed     99.91%
 324  AmLi_CHN_N_236      1.76%    passed     99.91%
 325  AmMd_IRN_N_237      1.49%    passed     98.80%
 326  Am_IRQ_N_238        1.76%    passed     99.60%
 327  Am_IRQ_N_239        1.76%    passed     99.91%
 328  AmLi_KOR_N_240      1.76%    passed     99.98%
 329  AmLi_KOR_N_241      1.76%    passed     99.79%
 330  Am_SAU_N_242        1.76%    passed     98.96%
 331  Am_SAU_N_243        1.76%    passed     98.96%
 332  Am_SAU_N_244        1.77%    passed     98.93%
 333  Am_SAU_N_245        1.73%    passed     98.71%
 334  Am_SAU_N_246        1.77%    passed     98.71%
 335  Am_SAU_N_247        1.77%    passed     98.71%
 336  Am_SAU_N_248        1.76%    passed     99.56%
 337  Am_SAU_N_249        1.76%    passed     99.47%
 338  Am_SAU_N_250        1.76%    passed     99.32%
 339  Am_SAU_N_251        1.76%    passed     99.47%
 340  Am_SAU_N_252        1.77%    passed     99.50%
 341  Am_SAU_N_253        1.76%    passed     99.85%
 342  Am_SAU_N_254        1.76%    passed     99.78%
 343  Am_SAU_N_255        1.76%    passed     99.85%
 344  Am_SAU_N_256        1.76%    passed     99.85%
 345  Am_SAU_N_257        1.76%    passed     98.96%
 346  AmSy_SYR_N_258      1.76%    passed     99.54%
 347  AmSy_SYR_N_259      1.69%    passed     96.36%
 348  AmAn_TUR_N_260      1.76%    passed     98.66%
 349  AmIn_DZA_N_261      1.52%    passed     93.85%
 350  AmSa_DZA_N_262      1.89%    passed     93.43%
 351  AmSa_DZA_N_263      1.89%    passed     93.43%
 352  AmLa_EGY_N_264      1.76%    passed     99.69%
 353  AmSm_ETH_N_265      1.76%    passed     98.09%
 354  AmMo_KEN_N_266      1.58%    passed     99.86%
 355  AmIn_MAR_N_267      1.75%    passed     67.93%
 356  AmUn_MDG_N_268      1.76%    passed     90.82%
 357  AmAd_WAF_N_269      1.79%    passed     93.75%
 358  AmCa_ZAF_N_270      1.76%    passed     97.37%
 359  AmScCa_ZAF_N_271    1.76%    passed     98.99%
 360  AmCa_ZAF_N_272      1.76%    passed     99.52%
 361  AmCa_ZAF_N_273      1.79%    passed     97.11%
 362  AmCa_ZAF_N_274      1.76%    passed     98.86%
 363  AmCa_ZAF_N_275      1.76%    passed     99.07%
 364  AmCa_ZAF_N_276      1.76%    passed     97.23%
 365  AmCa_ZAF_N_277      1.76%    passed     97.26%
 366  AmCa_ZAF_N_278      1.79%    passed     94.56%
 367  AmCa_ZAF_N_279      1.76%    passed     99.07%
 368  AmCa_ZAF_N_280      1.73%    passed     99.51%
 369  AmCa_ZAF_N_281      1.76%    passed     99.41%
 370  AmCa_ZAF_N_282      1.73%    passed     98.86%
 371  AmCa_ZAF_N_283      1.76%    passed     97.99%
 372  AmCa_ZAF_N_284      1.76%    passed     99.63%
 373  AmCa_ZAF_N_285      1.79%    passed     96.17%
 374  AmCa_ZAF_N_286      1.76%    passed     99.07%
 375  AmCa_ZAF_N_287      1.76%    passed     99.30%
 376  AmCaSc_ZAF_N_288    1.79%    passed     94.56%
 377  AmSc_ZAF_N_289      1.76%    passed     99.73%
 378  AmSc_ZAF_N_290      1.79%    passed     97.52%
 379  AmSc_ZAF_N_291      1.79%    passed     96.22%
 380  AmSc_ZAF_N_292      1.79%    passed     94.33%
 381  AmSc_ZAF_N_293      1.79%    passed     96.72%
 382  AmSc_ZAF_N_294      1.79%    passed     94.49%
****  TOTAL               1.76%  0 sequences failed composition chi2 test (p-value<5%; df=3)
NOTE: Am_IRL_B_297 is identical to AmMe_IRL_F_001 but kept for subsequent analysis
NOTE: AmMe_IRL_F_007 is identical to AmMe_IRL_F_002 but kept for subsequent analysis
NOTE: AmMe_IRL_F_024 is identical to AmMe_IRL_F_004 but kept for subsequent analysis
NOTE: AmMe_IRL_F_008 is identical to AmMe_IRL_F_006 but kept for subsequent analysis
NOTE: AmHy_IRL_M_049 is identical to AmMe_IRL_F_009 but kept for subsequent analysis
NOTE: AmMe_IRL_F_014 is identical to AmMe_IRL_F_013 but kept for subsequent analysis
NOTE: AmMe_IRL_M_060 is identical to AmMe_IRL_F_019 but kept for subsequent analysis
NOTE: AmMe_IRL_F_022 is identical to AmMe_IRL_F_021 but kept for subsequent analysis
NOTE: Am_GBR_B_310 is identical to AmMe_IRL_F_026 but kept for subsequent analysis
NOTE: AmHy_IRL_F_038 is identical to AmHy_IRL_F_037 but kept for subsequent analysis
NOTE: AmHy_IRL_F_040 is identical to AmHy_IRL_F_039 but kept for subsequent analysis
NOTE: Am_GBR_B_308 is identical to AmHy_IRL_F_041 but kept for subsequent analysis
NOTE: AmMe_IRL_F_078 is identical to AmHy_IRL_F_043 but kept for subsequent analysis
NOTE: AmMe_IRL_M_072 is identical to AmMe_IRL_M_053 but kept for subsequent analysis
NOTE: AmMe_IRL_F_076 is identical to AmMe_IRL_M_059 but kept for subsequent analysis
NOTE: Am_GBR_B_301 is identical to AmMe_IRL_M_062 but kept for subsequent analysis
NOTE: Am_NOR_B_371 is identical to AmCr_DEU_M_081 but kept for subsequent analysis
NOTE: Am_SWE_B_379 is identical to AmCr_DEU_M_082 but kept for subsequent analysis
NOTE: Am_NOR_B_373 is identical to AmCr_DEU_M_083 but kept for subsequent analysis
NOTE: Am_GBR_B_315 is identical to Am_IRL_B_299 but kept for subsequent analysis
NOTE: AmMe_FRA_A_353 is identical to AmMe_FRA_A_325 but kept for subsequent analysis
NOTE: AmMe_FRA_A_327 is identical to AmMe_FRA_A_326 but kept for subsequent analysis
NOTE: AmMe_FRA_A_331 is identical to AmMe_FRA_A_328 but kept for subsequent analysis
NOTE: AmMe_FRA_A_334 is identical to AmMe_FRA_A_333 but kept for subsequent analysis
NOTE: AmMe_FRA_A_337 is identical to AmMe_FRA_A_336 but kept for subsequent analysis
NOTE: AmMe_FRA_A_341 is identical to AmMe_FRA_A_340 but kept for subsequent analysis
NOTE: AmMe_FRA_A_352 is identical to AmMe_FRA_A_351 but kept for subsequent analysis
NOTE: Am_NOR_B_374 is identical to Am_NOR_B_370 but kept for subsequent analysis
NOTE: Am_SWE_B_382 is identical to Am_SWE_B_380 but kept for subsequent analysis
NOTE: AmLi_ITA_N_088 is identical to AmLi_ITA_N_087 but kept for subsequent analysis
NOTE: AmLi_ITA_N_093 is identical to AmLi_ITA_N_090 but kept for subsequent analysis
NOTE: AmLi_KOR_N_240 is identical to AmLi_ITA_N_094 but kept for subsequent analysis
NOTE: AmCr_POL_N_120 is identical to AmCr_POL_N_119 but kept for subsequent analysis
NOTE: AmCr_POL_N_123 is identical to AmCr_POL_N_122 but kept for subsequent analysis
NOTE: AmCr_SVN_N_130 is identical to AmCr_SVN_N_129 but kept for subsequent analysis
NOTE: AmLi_CHN_N_195 is identical to AmLi_CHN_N_193 but kept for subsequent analysis
NOTE: Am_SAU_N_243 is identical to Am_SAU_N_242 but kept for subsequent analysis
NOTE: Am_SAU_N_247 is identical to Am_SAU_N_246 but kept for subsequent analysis
NOTE: Am_SAU_N_255 is identical to Am_SAU_N_253 but kept for subsequent analysis
NOTE: AmSa_DZA_N_263 is identical to AmSa_DZA_N_262 but kept for subsequent analysis
NOTE: AmCaSc_ZAF_N_288 is identical to AmCa_ZAF_N_278 but kept for subsequent analysis
Checking for duplicate sequences: done in 0.00394297 secs using 79.79% CPU
Identifying sites to remove: done in 0.018759 secs using 99.07% CPU
NOTE: 178 identical sequences (see below) will be ignored for subsequent analysis
NOTE: AmMe_IRL_F_025 (identical to AmMe_IRL_F_002) is ignored but added at the end
NOTE: AmMe_IRL_F_028 (identical to AmMe_IRL_F_002) is ignored but added at the end
NOTE: AmMe_IRL_F_029 (identical to AmMe_IRL_F_002) is ignored but added at the end
NOTE: AmHy_IRL_F_035 (identical to AmMe_IRL_F_002) is ignored but added at the end
NOTE: AmHy_IRL_M_047 (identical to AmMe_IRL_F_002) is ignored but added at the end
NOTE: AmMe_IRL_M_052 (identical to AmMe_IRL_F_002) is ignored but added at the end
NOTE: AmMe_IRL_M_056 (identical to AmMe_IRL_F_002) is ignored but added at the end
NOTE: AmMe_IRL_M_065 (identical to AmMe_IRL_F_002) is ignored but added at the end
NOTE: AmMe_IRL_M_068 (identical to AmMe_IRL_F_002) is ignored but added at the end
NOTE: AmMe_IRL_M_070 (identical to AmMe_IRL_F_002) is ignored but added at the end
NOTE: AmMe_IRL_M_071 (identical to AmMe_IRL_F_002) is ignored but added at the end
NOTE: AmMe_IRL_M_075 (identical to AmMe_IRL_F_002) is ignored but added at the end
NOTE: Am_IRL_B_296 (identical to AmMe_IRL_F_002) is ignored but added at the end
NOTE: AmMe_FRA_A_342 (identical to AmMe_IRL_F_002) is ignored but added at the end
NOTE: AmMe_FRA_A_343 (identical to AmMe_IRL_F_002) is ignored but added at the end
NOTE: AmMe_FRA_A_367 (identical to AmMe_IRL_F_002) is ignored but added at the end
NOTE: AmMe_IRL_M_066 (identical to AmMe_IRL_F_006) is ignored but added at the end
NOTE: AmHy_IRL_M_050 (identical to AmMe_IRL_F_009) is ignored but added at the end
NOTE: AmMe_IRL_F_077 (identical to AmMe_IRL_F_009) is ignored but added at the end
NOTE: AmMe_IRL_M_080 (identical to AmMe_IRL_F_009) is ignored but added at the end
NOTE: AmMe_IRL_F_016 (identical to AmMe_IRL_F_013) is ignored but added at the end
NOTE: AmMe_IRL_F_018 (identical to AmMe_IRL_F_013) is ignored but added at the end
NOTE: AmMe_IRL_F_020 (identical to AmMe_IRL_F_013) is ignored but added at the end
NOTE: AmHy_IRL_M_046 (identical to AmMe_IRL_F_013) is ignored but added at the end
NOTE: AmMe_IRL_M_063 (identical to AmMe_IRL_F_013) is ignored but added at the end
NOTE: AmMe_IRL_F_023 (identical to AmMe_IRL_F_021) is ignored but added at the end
NOTE: AmMe_IRL_F_027 (identical to AmMe_IRL_F_021) is ignored but added at the end
NOTE: AmMe_IRL_F_032 (identical to AmMe_IRL_F_021) is ignored but added at the end
NOTE: AmHy_IRL_M_051 (identical to AmMe_IRL_F_021) is ignored but added at the end
NOTE: AmMe_IRL_F_079 (identical to AmMe_IRL_F_021) is ignored but added at the end
NOTE: Am_GBR_B_318 (identical to AmMe_IRL_F_026) is ignored but added at the end
NOTE: AmMe_FRA_A_345 (identical to AmMe_IRL_F_026) is ignored but added at the end
NOTE: AmMe_FRA_A_346 (identical to AmMe_IRL_F_026) is ignored but added at the end
NOTE: AmMe_FRA_A_348 (identical to AmMe_IRL_F_026) is ignored but added at the end
NOTE: Am_GBR_B_309 (identical to AmHy_IRL_F_041) is ignored but added at the end
NOTE: AmMe_FRA_A_330 (identical to AmHy_IRL_F_041) is ignored but added at the end
NOTE: AmMe_IRL_M_073 (identical to AmMe_IRL_M_053) is ignored but added at the end
NOTE: Am_NOR_B_372 (identical to AmCr_DEU_M_081) is ignored but added at the end
NOTE: Am_NOR_B_375 (identical to AmCr_DEU_M_081) is ignored but added at the end
NOTE: Am_NOR_B_376 (identical to AmCr_DEU_M_081) is ignored but added at the end
NOTE: Am_NOR_B_378 (identical to AmCr_DEU_M_081) is ignored but added at the end
NOTE: AmMe_FRA_A_354 (identical to AmMe_FRA_A_325) is ignored but added at the end
NOTE: AmMe_FRA_A_355 (identical to AmMe_FRA_A_325) is ignored but added at the end
NOTE: AmMe_FRA_A_356 (identical to AmMe_FRA_A_326) is ignored but added at the end
NOTE: AmMe_FRA_A_360 (identical to AmMe_FRA_A_326) is ignored but added at the end
NOTE: AmMe_FRA_A_335 (identical to AmMe_FRA_A_333) is ignored but added at the end
NOTE: AmMe_FRA_A_358 (identical to AmMe_FRA_A_333) is ignored but added at the end
NOTE: AmMe_FRA_A_359 (identical to AmMe_FRA_A_333) is ignored but added at the end
NOTE: AmMe_FRA_A_338 (identical to AmMe_FRA_A_336) is ignored but added at the end
NOTE: AmMe_FRA_A_339 (identical to AmMe_FRA_A_336) is ignored but added at the end
NOTE: AmMe_FRA_A_362 (identical to AmMe_FRA_A_336) is ignored but added at the end
NOTE: AmMe_FRA_A_344 (identical to AmMe_FRA_A_340) is ignored but added at the end
NOTE: AmMe_FRA_A_349 (identical to AmMe_FRA_A_340) is ignored but added at the end
NOTE: AmMe_FRA_A_350 (identical to AmMe_FRA_A_340) is ignored but added at the end
NOTE: AmMe_FRA_A_361 (identical to AmMe_FRA_A_340) is ignored but added at the end
NOTE: AmMe_FRA_A_363 (identical to AmMe_FRA_A_340) is ignored but added at the end
NOTE: AmMe_FRA_A_364 (identical to AmMe_FRA_A_340) is ignored but added at the end
NOTE: AmMe_FRA_A_365 (identical to AmMe_FRA_A_340) is ignored but added at the end
NOTE: Am_SWE_B_381 (identical to Am_NOR_B_370) is ignored but added at the end
NOTE: Am_SWE_B_383 (identical to Am_NOR_B_370) is ignored but added at the end
NOTE: AmLi_ITA_N_089 (identical to AmLi_ITA_N_087) is ignored but added at the end
NOTE: AmLi_ITA_N_091 (identical to AmLi_ITA_N_087) is ignored but added at the end
NOTE: AmLi_ITA_N_092 (identical to AmLi_ITA_N_087) is ignored but added at the end
NOTE: AmLi_ITA_N_095 (identical to AmLi_ITA_N_087) is ignored but added at the end
NOTE: AmLi_ITA_N_097 (identical to AmLi_ITA_N_087) is ignored but added at the end
NOTE: AmLi_ITA_N_098 (identical to AmLi_ITA_N_087) is ignored but added at the end
NOTE: AmLi_ITA_N_100 (identical to AmLi_ITA_N_087) is ignored but added at the end
NOTE: AmLi_ITA_N_101 (identical to AmLi_ITA_N_087) is ignored but added at the end
NOTE: AmLi_ITA_N_103 (identical to AmLi_ITA_N_087) is ignored but added at the end
NOTE: AmLi_ITA_N_104 (identical to AmLi_ITA_N_087) is ignored but added at the end
NOTE: AmLi_ITA_N_106 (identical to AmLi_ITA_N_087) is ignored but added at the end
NOTE: AmLi_ITA_N_107 (identical to AmLi_ITA_N_087) is ignored but added at the end
NOTE: AmLi_ITA_N_108 (identical to AmLi_ITA_N_087) is ignored but added at the end
NOTE: AmLi_ITA_N_109 (identical to AmLi_ITA_N_087) is ignored but added at the end
NOTE: AmLi_ITA_N_110 (identical to AmLi_ITA_N_087) is ignored but added at the end
NOTE: AmLi_ITA_N_111 (identical to AmLi_ITA_N_087) is ignored but added at the end
NOTE: AmLi_ITA_N_112 (identical to AmLi_ITA_N_087) is ignored but added at the end
NOTE: AmLi_ITA_N_113 (identical to AmLi_ITA_N_087) is ignored but added at the end
NOTE: AmLi_ITA_N_114 (identical to AmLi_ITA_N_087) is ignored but added at the end
NOTE: AmLi_ITA_N_115 (identical to AmLi_ITA_N_087) is ignored but added at the end
NOTE: AmLi_ITA_N_116 (identical to AmLi_ITA_N_087) is ignored but added at the end
NOTE: AmLi_CHN_N_147 (identical to AmLi_ITA_N_087) is ignored but added at the end
NOTE: AmLi_CHN_N_151 (identical to AmLi_ITA_N_087) is ignored but added at the end
NOTE: AmLi_CHN_N_173 (identical to AmLi_ITA_N_087) is ignored but added at the end
NOTE: AmLi_CHN_N_174 (identical to AmLi_ITA_N_087) is ignored but added at the end
NOTE: AmLi_CHN_N_175 (identical to AmLi_ITA_N_087) is ignored but added at the end
NOTE: AmLi_CHN_N_176 (identical to AmLi_ITA_N_087) is ignored but added at the end
NOTE: AmLi_CHN_N_189 (identical to AmLi_ITA_N_087) is ignored but added at the end
NOTE: AmLi_CHN_N_203 (identical to AmLi_ITA_N_087) is ignored but added at the end
NOTE: AmLi_CHN_N_218 (identical to AmLi_ITA_N_087) is ignored but added at the end
NOTE: AmLi_CHN_N_219 (identical to AmLi_ITA_N_087) is ignored but added at the end
NOTE: AmLi_CHN_N_220 (identical to AmLi_ITA_N_087) is ignored but added at the end
NOTE: AmLi_ITA_N_099 (identical to AmLi_ITA_N_090) is ignored but added at the end
NOTE: AmLi_CHN_N_137 (identical to AmLi_ITA_N_090) is ignored but added at the end
NOTE: AmLi_CHN_N_138 (identical to AmLi_ITA_N_090) is ignored but added at the end
NOTE: AmLi_CHN_N_139 (identical to AmLi_ITA_N_090) is ignored but added at the end
NOTE: AmLi_CHN_N_140 (identical to AmLi_ITA_N_090) is ignored but added at the end
NOTE: AmLi_CHN_N_141 (identical to AmLi_ITA_N_090) is ignored but added at the end
NOTE: AmLi_CHN_N_142 (identical to AmLi_ITA_N_090) is ignored but added at the end
NOTE: AmLi_CHN_N_143 (identical to AmLi_ITA_N_090) is ignored but added at the end
NOTE: AmLi_CHN_N_144 (identical to AmLi_ITA_N_090) is ignored but added at the end
NOTE: AmLi_CHN_N_145 (identical to AmLi_ITA_N_090) is ignored but added at the end
NOTE: AmLi_CHN_N_146 (identical to AmLi_ITA_N_090) is ignored but added at the end
NOTE: AmLi_CHN_N_148 (identical to AmLi_ITA_N_090) is ignored but added at the end
NOTE: AmLi_CHN_N_153 (identical to AmLi_ITA_N_090) is ignored but added at the end
NOTE: AmLi_CHN_N_154 (identical to AmLi_ITA_N_090) is ignored but added at the end
NOTE: AmLi_CHN_N_155 (identical to AmLi_ITA_N_090) is ignored but added at the end
NOTE: AmLi_CHN_N_156 (identical to AmLi_ITA_N_090) is ignored but added at the end
NOTE: AmLi_CHN_N_157 (identical to AmLi_ITA_N_090) is ignored but added at the end
NOTE: AmLi_CHN_N_158 (identical to AmLi_ITA_N_090) is ignored but added at the end
NOTE: AmLi_CHN_N_159 (identical to AmLi_ITA_N_090) is ignored but added at the end
NOTE: AmLi_CHN_N_160 (identical to AmLi_ITA_N_090) is ignored but added at the end
NOTE: AmLi_CHN_N_161 (identical to AmLi_ITA_N_090) is ignored but added at the end
NOTE: AmLi_CHN_N_162 (identical to AmLi_ITA_N_090) is ignored but added at the end
NOTE: AmLi_CHN_N_163 (identical to AmLi_ITA_N_090) is ignored but added at the end
NOTE: AmLi_CHN_N_164 (identical to AmLi_ITA_N_090) is ignored but added at the end
NOTE: AmLi_CHN_N_165 (identical to AmLi_ITA_N_090) is ignored but added at the end
NOTE: AmLi_CHN_N_166 (identical to AmLi_ITA_N_090) is ignored but added at the end
NOTE: AmLi_CHN_N_167 (identical to AmLi_ITA_N_090) is ignored but added at the end
NOTE: AmLi_CHN_N_168 (identical to AmLi_ITA_N_090) is ignored but added at the end
NOTE: AmLi_CHN_N_169 (identical to AmLi_ITA_N_090) is ignored but added at the end
NOTE: AmLi_CHN_N_170 (identical to AmLi_ITA_N_090) is ignored but added at the end
NOTE: AmLi_CHN_N_172 (identical to AmLi_ITA_N_090) is ignored but added at the end
NOTE: AmLi_CHN_N_177 (identical to AmLi_ITA_N_090) is ignored but added at the end
NOTE: AmLi_CHN_N_178 (identical to AmLi_ITA_N_090) is ignored but added at the end
NOTE: AmLi_CHN_N_179 (identical to AmLi_ITA_N_090) is ignored but added at the end
NOTE: AmLi_CHN_N_180 (identical to AmLi_ITA_N_090) is ignored but added at the end
NOTE: AmLi_CHN_N_181 (identical to AmLi_ITA_N_090) is ignored but added at the end
NOTE: AmLi_CHN_N_182 (identical to AmLi_ITA_N_090) is ignored but added at the end
NOTE: AmLi_CHN_N_183 (identical to AmLi_ITA_N_090) is ignored but added at the end
NOTE: AmLi_CHN_N_184 (identical to AmLi_ITA_N_090) is ignored but added at the end
NOTE: AmLi_CHN_N_185 (identical to AmLi_ITA_N_090) is ignored but added at the end
NOTE: AmLi_CHN_N_186 (identical to AmLi_ITA_N_090) is ignored but added at the end
NOTE: AmLi_CHN_N_187 (identical to AmLi_ITA_N_090) is ignored but added at the end
NOTE: AmLi_CHN_N_188 (identical to AmLi_ITA_N_090) is ignored but added at the end
NOTE: AmLi_CHN_N_190 (identical to AmLi_ITA_N_090) is ignored but added at the end
NOTE: AmLi_CHN_N_191 (identical to AmLi_ITA_N_090) is ignored but added at the end
NOTE: AmLi_CHN_N_194 (identical to AmLi_ITA_N_090) is ignored but added at the end
NOTE: AmLi_CHN_N_196 (identical to AmLi_ITA_N_090) is ignored but added at the end
NOTE: AmLi_CHN_N_197 (identical to AmLi_ITA_N_090) is ignored but added at the end
NOTE: AmLi_CHN_N_198 (identical to AmLi_ITA_N_090) is ignored but added at the end
NOTE: AmLi_CHN_N_199 (identical to AmLi_ITA_N_090) is ignored but added at the end
NOTE: AmLi_CHN_N_200 (identical to AmLi_ITA_N_090) is ignored but added at the end
NOTE: AmLi_CHN_N_201 (identical to AmLi_ITA_N_090) is ignored but added at the end
NOTE: AmLi_CHN_N_202 (identical to AmLi_ITA_N_090) is ignored but added at the end
NOTE: AmLi_CHN_N_204 (identical to AmLi_ITA_N_090) is ignored but added at the end
NOTE: AmLi_CHN_N_205 (identical to AmLi_ITA_N_090) is ignored but added at the end
NOTE: AmLi_CHN_N_206 (identical to AmLi_ITA_N_090) is ignored but added at the end
NOTE: AmLi_CHN_N_207 (identical to AmLi_ITA_N_090) is ignored but added at the end
NOTE: AmLi_CHN_N_208 (identical to AmLi_ITA_N_090) is ignored but added at the end
NOTE: AmLi_CHN_N_209 (identical to AmLi_ITA_N_090) is ignored but added at the end
NOTE: AmLi_CHN_N_210 (identical to AmLi_ITA_N_090) is ignored but added at the end
NOTE: AmLi_CHN_N_211 (identical to AmLi_ITA_N_090) is ignored but added at the end
NOTE: AmLi_CHN_N_212 (identical to AmLi_ITA_N_090) is ignored but added at the end
NOTE: AmLi_CHN_N_213 (identical to AmLi_ITA_N_090) is ignored but added at the end
NOTE: AmLi_CHN_N_214 (identical to AmLi_ITA_N_090) is ignored but added at the end
NOTE: AmLi_CHN_N_215 (identical to AmLi_ITA_N_090) is ignored but added at the end
NOTE: AmLi_CHN_N_216 (identical to AmLi_ITA_N_090) is ignored but added at the end
NOTE: AmLi_CHN_N_217 (identical to AmLi_ITA_N_090) is ignored but added at the end
NOTE: AmLi_CHN_N_221 (identical to AmLi_ITA_N_090) is ignored but added at the end
NOTE: AmLi_CHN_N_222 (identical to AmLi_ITA_N_090) is ignored but added at the end
NOTE: AmLi_CHN_N_223 (identical to AmLi_ITA_N_090) is ignored but added at the end
NOTE: AmLi_CHN_N_224 (identical to AmLi_ITA_N_090) is ignored but added at the end
NOTE: AmLi_CHN_N_225 (identical to AmLi_ITA_N_090) is ignored but added at the end
NOTE: AmLi_CHN_N_226 (identical to AmLi_ITA_N_090) is ignored but added at the end
NOTE: AmLi_CHN_N_227 (identical to AmLi_ITA_N_090) is ignored but added at the end
NOTE: AmLi_CHN_N_228 (identical to AmLi_ITA_N_090) is ignored but added at the end
NOTE: AmLi_CHN_N_229 (identical to AmLi_ITA_N_090) is ignored but added at the end
NOTE: AmLi_CHN_N_230 (identical to AmLi_ITA_N_090) is ignored but added at the end
NOTE: AmLi_CHN_N_231 (identical to AmLi_ITA_N_090) is ignored but added at the end
NOTE: AmLi_CHN_N_233 (identical to AmLi_ITA_N_090) is ignored but added at the end
NOTE: AmLi_CHN_N_234 (identical to AmLi_ITA_N_090) is ignored but added at the end
NOTE: AmLi_CHN_N_235 (identical to AmLi_ITA_N_090) is ignored but added at the end
NOTE: AmLi_CHN_N_236 (identical to AmLi_ITA_N_090) is ignored but added at the end
NOTE: AmCr_POL_N_124 (identical to AmCr_POL_N_119) is ignored but added at the end
NOTE: AmCr_POL_N_125 (identical to AmCr_POL_N_119) is ignored but added at the end
NOTE: Am_SAU_N_257 (identical to Am_SAU_N_242) is ignored but added at the end
NOTE: Am_SAU_N_256 (identical to Am_SAU_N_253) is ignored but added at the end
Alignment was printed to Apis_m_mtDNA_NA_total.fst.uniqueseq.phy

For your convenience alignment with unique sequences printed to Apis_m_mtDNA_NA_total.fst.uniqueseq.phy

Create initial parsimony tree by phylogenetic likelihood library (PLL)... 0.045 seconds
Generating 1000 samples for ultrafast bootstrap (seed: 744892)...

NOTE: 15 MB RAM (0 GB) is required!
Estimate model parameters (epsilon = 0.100)
1. Initial log-likelihood: -24180.428
2. Current log-likelihood: -22875.816
3. Current log-likelihood: -22670.384
4. Current log-likelihood: -22585.426
5. Current log-likelihood: -22519.114
6. Current log-likelihood: -22481.319
7. Current log-likelihood: -22466.224
8. Current log-likelihood: -22461.807
9. Current log-likelihood: -22460.743
10. Current log-likelihood: -22460.515
Optimal log-likelihood: -22460.470
Rate parameters:  A-C: 1.00000  A-G: 29.51884  A-T: 1.62712  C-G: 1.62712  C-T: 29.51884  G-T: 1.00000
Base frequencies:  A: 0.371  C: 0.086  G: 0.083  T: 0.461
Site proportion and rates:  (0.478,0.188) (0.443,0.232) (0.078,10.299)
Parameters optimization took 10 rounds (2.432 sec)
Wrote distance file to... 
Computing ML distances based on estimated model parameters...
Calculating distance matrix: done in 0.256231 secs using 99.9% CPU
Computing ML distances took 0.257167 sec (of wall-clock time) 0.256039 sec (of CPU time)
Setting up auxiliary I and S matrices: done in 0.00152421 secs using 230.4% CPU
Constructing RapidNJ tree: done in 0.00357389 secs using 183.6% CPU
Computing RapidNJ tree took 0.005231 sec (of wall-clock time) 0.010206 sec (of CPU time)
Log-likelihood of RapidNJ tree: -22519.438
--------------------------------------------------------------------
|             INITIALIZING CANDIDATE TREE SET                      |
--------------------------------------------------------------------
Generating 98 parsimony trees... 3.220 second
Computing log-likelihood of 98 initial trees ... 2.633 seconds
Current best score: -22435.725

Do NNI search on 20 best initial trees
Estimate model parameters (epsilon = 0.100)
BETTER TREE FOUND at iteration 1: -22432.412
Estimate model parameters (epsilon = 0.100)
BETTER TREE FOUND at iteration 2: -22430.679
Estimate model parameters (epsilon = 0.100)
BETTER TREE FOUND at iteration 3: -22430.332
Estimate model parameters (epsilon = 0.100)
BETTER TREE FOUND at iteration 4: -22430.295
Iteration 10 / LogL: -22431.433 / Time: 0h:0m:16s
Iteration 20 / LogL: -22430.337 / Time: 0h:0m:26s
Finish initializing candidate tree set (20)
Current best tree score: -22430.295 / CPU time: 23.041
Number of iterations: 20
--------------------------------------------------------------------
|               OPTIMIZING CANDIDATE TREE SET                      |
--------------------------------------------------------------------
Estimate model parameters (epsilon = 0.100)
BETTER TREE FOUND at iteration 22: -22429.613
Estimate model parameters (epsilon = 0.100)
BETTER TREE FOUND at iteration 25: -22427.718
Iteration 30 / LogL: -22427.782 / Time: 0h:0m:34s (0h:1m:51s left)
Iteration 40 / LogL: -22428.461 / Time: 0h:0m:42s (0h:1m:33s left)
Iteration 50 / LogL: -22429.109 / Time: 0h:0m:51s (0h:1m:18s left)
Log-likelihood cutoff on original alignment: -22474.033
Iteration 60 / LogL: -22427.962 / Time: 0h:1m:0s (0h:1m:6s left)
Iteration 70 / LogL: -22428.407 / Time: 0h:1m:8s (0h:0m:54s left)
Iteration 80 / LogL: -22428.007 / Time: 0h:1m:15s (0h:0m:43s left)
Iteration 90 / LogL: -22429.866 / Time: 0h:1m:23s (0h:0m:32s left)
Iteration 100 / LogL: -22433.902 / Time: 0h:1m:32s (0h:0m:23s left)
Log-likelihood cutoff on original alignment: -22474.940
NOTE: Bootstrap correlation coefficient of split occurrence frequencies: 0.997
Iteration 110 / LogL: -22429.842 / Time: 0h:1m:41s (0h:1m:23s left)
Iteration 120 / LogL: -22428.043 / Time: 0h:1m:50s (0h:1m:14s left)
TREE SEARCH COMPLETED AFTER 126 ITERATIONS / Time: 0h:1m:56s

--------------------------------------------------------------------
|                    FINALIZING TREE SEARCH                        |
--------------------------------------------------------------------
Performs final model parameters optimization
Estimate model parameters (epsilon = 0.010)
1. Initial log-likelihood: -22427.718
Optimal log-likelihood: -22427.718
Rate parameters:  A-C: 1.00000  A-G: 31.47179  A-T: 1.72480  C-G: 1.72480  C-T: 31.47179  G-T: 1.00000
Base frequencies:  A: 0.371  C: 0.086  G: 0.083  T: 0.461
Site proportion and rates:  (0.479,0.187) (0.443,0.231) (0.078,10.345)
Parameters optimization took 1 rounds (0.159 sec)
BEST SCORE FOUND : -22427.718

Testing tree branches by SH-like aLRT with 1000 replicates...
16.237 sec.
Creating bootstrap support values...
Split supports printed to NEXUS file Apis_m_mtDNA_NA_total.fst.splits.nex
Total tree length: 0.128

Total number of iterations: 126
CPU time used for tree search: 112.852 sec (0h:1m:52s)
Wall-clock time used for tree search: 113.023 sec (0h:1m:53s)
Total CPU time used: 132.726 sec (0h:2m:12s)
Total wall-clock time used: 132.932 sec (0h:2m:12s)

Computing bootstrap consensus tree...
Reading input file Apis_m_mtDNA_NA_total.fst.splits.nex...
204 taxa and 1291 splits.
Consensus tree written to Apis_m_mtDNA_NA_total.fst.contree
Reading input trees file Apis_m_mtDNA_NA_total.fst.contree
Log-likelihood of consensus tree: -22430.919

Analysis results written to: 
  IQ-TREE report:                Apis_m_mtDNA_NA_total.fst.iqtree
  Maximum-likelihood tree:       Apis_m_mtDNA_NA_total.fst.treefile
  Likelihood distances:          Apis_m_mtDNA_NA_total.fst.mldist

Ultrafast bootstrap approximation results written to:
  Split support values:          Apis_m_mtDNA_NA_total.fst.splits.nex
  Consensus tree:                Apis_m_mtDNA_NA_total.fst.contree
  Screen log file:               Apis_m_mtDNA_NA_total.fst.log

Date and Time: Wed Jul  1 00:14:01 2026
